<?xml version="1.0" encoding="UTF-8"?>
<testsuite name="agh.ics.oop.GrassFieldTest" tests="2" skipped="0" failures="0" errors="0" timestamp="2022-11-23T12:05:57" hostname="DESKTOP-RA4A3K2" time="0.152">
  <properties/>
  <testcase name="GrassFieldTest1()" classname="agh.ics.oop.GrassFieldTest" time="0.137"/>
  <testcase name="GrassFieldTest2()" classname="agh.ics.oop.GrassFieldTest" time="0.014"/>
  <system-out><![CDATA[ y\x  0 1 2 3 4 5 6 7 8 9
 10: ---------------------
  9: | |*| | |*| | | | | |
  8: | | | | | |*| | | | |
  7: | | | | | | | |*| | |
  6: | | | | | | | | | | |
  5: |*|*| |*| | | | | | |
  4: | | | | | | | | | |*|
  3: | | | | | | | | | | |
  2: |*| | | | | | | | | |
  1: | | | | | | | | | | |
  0: |*| | | | | | | | | |
 -1: ---------------------

 y\x  0 1 2 3 4 5 6 7 8 9
 10: ---------------------
  9: | |*| | |*| | | | | |
  8: | | | | | |*| | | | |
  7: | | | | | | | |*| | |
  6: | | | | | | | | | | |
  5: |*|*| |*| | | | | | |
  4: | | | |N| | | | | |*|
  3: | | | | | | | | | | |
  2: |*| |N| | | | | | | |
  1: | | | | | | | | | | |
  0: |*| | | | | | | | | |
 -1: ---------------------

 y\x  0 1 2 3 4 5 6 7 8 9
 10: ---------------------
  9: | |*| | |*| | | | | |
  8: | | | | | |*| | | | |
  7: | | | | | | | |*| | |
  6: | | | | | | | | | | |
  5: |*|*| |*| | | | | | |
  4: | | | |N| | | | | |*|
  3: | | |N| | | | | | | |
  2: |*| | | | | | | | | |
  1: | | | | | | | | | | |
  0: |*| | | | | | | | | |
 -1: ---------------------

 y\x  0 1 2 3 4 5 6 7 8 9
 10: ---------------------
  9: | |*| | |*| | | | | |
  8: | | | | | |*| | | | |
  7: | | | | | | | |*| | |
  6: | | | | | | | | | | |
  5: |*|*| |*| | | | | | |
  4: | | | | | | | | | |*|
  3: | | |N|N| | | | | | |
  2: |*| | | | | | | | | |
  1: | | | | | | | | | | |
  0: |*| | | | | | | | | |
 -1: ---------------------

 y\x  0 1 2 3 4 5 6 7 8 9
 10: ---------------------
  9: | |*| | |*| | | | | |
  8: | | | | | |*| | | | |
  7: | | | | | | | |*| | |
  6: | | | | | | | | | | |
  5: |*|*| |*| | | | | | |
  4: | | | | | | | | | |*|
  3: | | |E|N| | | | | | |
  2: |*| | | | | | | | | |
  1: | | | | | | | | | | |
  0: |*| | | | | | | | | |
 -1: ---------------------

 y\x  0 1 2 3 4 5 6 7 8 9
 10: ---------------------
  9: | |*| | |*| | | | | |
  8: | | | | | |*| | | | |
  7: | | | | | | | |*| | |
  6: | | | | | | | | | | |
  5: |*|*| |*| | | | | | |
  4: | | | | | | | | | |*|
  3: | | |E|W| | | | | | |
  2: |*| | | | | | | | | |
  1: | | | | | | | | | | |
  0: |*| | | | | | | | | |
 -1: ---------------------

 y\x  0 1 2 3 4 5 6 7 8 9
 10: ---------------------
  9: | |*| | |*| | | | | |
  8: | | | | | |*| | | | |
  7: | | | | | | | |*| | |
  6: | | | | | | | | | | |
  5: |*|*| |*| | | | | | |
  4: | | | | | | | | | |*|
  3: | | |E|W| | | | | | |
  2: |*| | | | | | | | | |
  1: | | | | | | | | | | |
  0: |*| | | | | | | | | |
 -1: ---------------------

 y\x  0 1 2 3 4 5 6 7 8 9
 10: ---------------------
  9: | |*| | |*| | | | | |
  8: | | | | | |*| | | | |
  7: | | | | | | | |*| | |
  6: | | | | | | | | | | |
  5: |*|*| |*| | | | | | |
  4: | | | | | | | | | |*|
  3: | | |E|W| | | | | | |
  2: |*| | | | | | | | | |
  1: | | | | | | | | | | |
  0: |*| | | | | | | | | |
 -1: ---------------------

 y\x  0 1 2 3 4 5 6 7 8 9
 10: ---------------------
  9: | |*| | |*| | | | | |
  8: | | | | | |*| | | | |
  7: | | | | | | | |*| | |
  6: | | | | | | | | | | |
  5: |*|*| |*| | | | | | |
  4: | | | | | | | | | |*|
  3: | | |S|W| | | | | | |
  2: |*| | | | | | | | | |
  1: | | | | | | | | | | |
  0: |*| | | | | | | | | |
 -1: ---------------------

 y\x  0 1 2 3 4 5 6 7 8 9
 10: ---------------------
  9: | |*| | |*| | | | | |
  8: | | | | | |*| | | | |
  7: | | | | | | | |*| | |
  6: | | | | | | | | | | |
  5: |*|*| |*| | | | | | |
  4: | | | | | | | | | |*|
  3: | | |S|N| | | | | | |
  2: |*| | | | | | | | | |
  1: | | | | | | | | | | |
  0: |*| | | | | | | | | |
 -1: ---------------------

 y\x  0 1 2 3 4 5 6 7 8 9
 10: ---------------------
  9: | |*| | |*| | | | | |
  8: | | | | | |*| | | | |
  7: | | | | | | | |*| | |
  6: | | | | | | | | | | |
  5: |*|*| |*| | | | | | |
  4: | | | | | | | | | |*|
  3: | | | |N| | | | | | |
  2: |*| |S| | | | | | | |
  1: | | | | | | | | | | |
  0: |*| | | | | | | | | |
 -1: ---------------------

 y\x  0 1 2 3 4 5 6 7 8 9
 10: ---------------------
  9: | |*| | |*| | | | | |
  8: | | | | | |*| | | | |
  7: | | | | | | | |*| | |
  6: | | | | | | | | | | |
  5: |*|*| |*| | | | | | |
  4: | | | |N| | | | | |*|
  3: | | | | | | | | | | |
  2: |*| |S| | | | | | | |
  1: | | | | | | | | | | |
  0: |*| | | | | | | | | |
 -1: ---------------------

 y\x  0 1 2 3 4 5 6 7 8 9
 10: ---------------------
  9: | |*| | |*| | | | | |
  8: | | | | | |*| | | | |
  7: | | | | | | | |*| | |
  6: | | | | | | | | | | |
  5: |*|*| |*| | | | | | |
  4: | | | |N| | | | | |*|
  3: | | | | | | | | | | |
  2: |*| | | | | | | | | |
  1: | | |S| | | | | | | |
  0: |*| | | | | | | | | |
 -1: ---------------------

 y\x  0 1 2 3 4 5 6 7 8 9
 10: ---------------------
  9: | |*| | |*| | | | | |
  8: | | | | | |*| | | | |
  7: | | | | | | | |*| | |
  6: | | | | | | | | | | |
  5: |*|*| |N| | | | | | |
  4: | | | | | | | | | |*|
  3: | | | | | | | | | | |
  2: |*| | | | | | | | |*|
  1: | | |S| | | | | | | |
  0: |*| | | | | | | | | |
 -1: ---------------------

 y\x  0 1 2 3 4 5 6 7 8 9
 10: ---------------------
  9: | |*| | |*| | | | | |
  8: | | | | | |*| | | | |
  7: | | | | | | | |*| | |
  6: | | | | | | | | | | |
  5: |*|*| |N| | | | | | |
  4: | | | | | | | | | |*|
  3: | | | | | | | | | | |
  2: |*| | | | | | | | |*|
  1: | | | | | | | | | | |
  0: |*| |S| | | | | | | |
 -1: ---------------------

 y\x  0 1 2 3 4 5 6 7 8 9
 10: ---------------------
  9: | |*| | |*| | | | | |
  8: | | | | | |*| | | | |
  7: | | | | | | | |*| | |
  6: | | | |N| | | | | | |
  5: |*|*| | | | | | | | |
  4: | | | | | | | | | |*|
  3: | | | | | | | | | | |
  2: |*| | | | | | | | |*|
  1: | | | | | | | | | | |
  0: |*| |S| | | | | | | |
 -1: ---------------------

 y\x  0 1 2 3 4 5 6 7 8 9
 10: ---------------------
  9: | |*| | |*| | | | | |
  8: | | | | | |*| | | | |
  7: | | | | | | | |*| | |
  6: | | | |N| | | | | | |
  5: |*|*| | | | | | | | |
  4: | | | | | | | | | |*|
  3: | | | | | | | | | | |
  2: |*| | | | | | | | |*|
  1: | | | | | | | | | | |
  0: |*| | | | | | | | | |
 -1: | | |S| | | | | | | |
 -2: ---------------------

 y\x  0 1 2 3 4 5 6 7 8 9
 10: ---------------------
  9: | |*| | |*| | | | | |
  8: | | | | | |*| | | | |
  7: | | | |N| | | |*| | |
  6: | | | | | | | | | | |
  5: |*|*| | | | | | | | |
  4: | | | | | | | | | |*|
  3: | | | | | | | | | | |
  2: |*| | | | | | | | |*|
  1: | | | | | | | | | | |
  0: |*| | | | | | | | | |
 -1: | | |S| | | | | | | |
 -2: ---------------------

 y\x  0 1 2 3 4 5 6 7 8 9
 10: ---------------------
  9: | |*| | |*| | | | | |
  8: | | | | | |*| | | | |
  7: | | | |N| | | |*| | |
  6: | | | | | | | | | | |
  5: |*|*| | | | | | | | |
  4: | | | | | | | | | |*|
  3: | | | | | | | | | | |
  2: |*| | | | | | | | |*|
  1: | | | | | | | | | | |
  0: |*| | | | | | | | | |
 -1: | | |S| | | | | | | |
 -2: ---------------------

 y\x  0 1 2 3 4 5 6 7 8 9
 10: ---------------------
  9: | | | | |*| | | | | |
  8: | |*| | |*| | | | | |
  7: | | | | | | | | | | |
  6: | | | | | | | | | | |
  5: | |*| |*| | |*| | |*|
  4: | | | | | | |*| | | |
  3: | | |*| | | | | | | |
  2: | | | | | | | | | |*|
  1: | | | | | | | | | | |
  0: | | | | | | | | | | |
 -1: ---------------------

 y\x  0 1 2 3 4 5 6 7 8 9
 10: ---------------------
  9: | | | | |*| | | | | |
  8: | |*| | |*| | | | | |
  7: | | | | | | | | | | |
  6: | | | | | | | | | | |
  5: | |*| |*| | |*| | |*|
  4: | | | |N| | |*| | | |
  3: | | |*| | | | | | | |
  2: | | |N| | | | | | |*|
  1: | | | | | | | | | | |
  0: | | | | | | | | | | |
 -1: ---------------------

 y\x  0 1 2 3 4 5 6 7 8 9
 10: ---------------------
  9: | | | | |*| | | | | |
  8: | |*| | |*| | | | | |
  7: | | | | | | | | | | |
  6: | | | | | | | | | | |
  5: | |*| |*| | |*| | |*|
  4: | | | |N| | |*| | | |
  3: | | |N| | | | | | | |
  2: | | |*| | | | | | |*|
  1: | | | | | | | | | | |
  0: | | | | | | | | | | |
 -1: ---------------------

 y\x  0 1 2 3 4 5 6 7 8 9
 10: ---------------------
  9: | | | | |*| | | | | |
  8: | |*| | |*| | | | | |
  7: | | | | | | | | | | |
  6: | | | | | | | | | | |
  5: | |*| |N| | |*| | |*|
  4: | | | | | | |*| | | |
  3: | | |N| | | | | | | |
  2: | | |*| | | | | | |*|
  1: | | | | | | | | | | |
  0: | | | |*| | | | | | |
 -1: ---------------------

 y\x  0 1 2 3 4 5 6 7 8 9
 10: ---------------------
  9: | | | | |*| | | | | |
  8: | |*| | |*| | | | | |
  7: | | | | | | | | | | |
  6: | | | | | | | | | | |
  5: | |*| |N| | |*| | |*|
  4: | | | | | | |*| | | |
  3: | | |N| | | | | | | |
  2: | | |*| | | | | | |*|
  1: | | | | | | | | | | |
  0: | | | |*| | | | | | |
 -1: ---------------------

]]></system-out>
  <system-err><![CDATA[]]></system-err>
</testsuite>
