<?xml version="1.0" encoding="UTF-8"?>
<testsuite name="agh.ics.oop.Vecto2DTest" tests="9" skipped="0" failures="0" errors="0" timestamp="2022-10-17T08:45:03" hostname="IVANZ" time="0.026">
  <properties/>
  <testcase name="upperRightTest()" classname="agh.ics.oop.Vecto2DTest" time="0.015"/>
  <testcase name="addTest()" classname="agh.ics.oop.Vecto2DTest" time="0.0"/>
  <testcase name="precedesTest()" classname="agh.ics.oop.Vecto2DTest" time="0.0"/>
  <testcase name="oppositeTest()" classname="agh.ics.oop.Vecto2DTest" time="0.0"/>
  <testcase name="lowerLeftTest()" classname="agh.ics.oop.Vecto2DTest" time="0.001"/>
  <testcase name="toStringTest()" classname="agh.ics.oop.Vecto2DTest" time="0.004"/>
  <testcase name="subtractTest()" classname="agh.ics.oop.Vecto2DTest" time="0.001"/>
  <testcase name="equalTest()" classname="agh.ics.oop.Vecto2DTest" time="0.0"/>
  <testcase name="followsTest()" classname="agh.ics.oop.Vecto2DTest" time="0.001"/>
  <system-out><![CDATA[]]></system-out>
  <system-err><![CDATA[]]></system-err>
</testsuite>
